TN:
SF:server.js
FN:13,(anonymous_0)
FN:23,(anonymous_1)
FN:25,(anonymous_2)
FN:26,(anonymous_3)
FN:30,(anonymous_4)
FNF:5
FNH:1
FNDA:9,(anonymous_0)
FNDA:0,(anonymous_1)
FNDA:0,(anonymous_2)
FNDA:0,(anonymous_3)
FNDA:0,(anonymous_4)
DA:1,1
DA:2,1
DA:3,1
DA:4,1
DA:5,1
DA:6,1
DA:7,1
DA:9,1
DA:11,1
DA:12,1
DA:13,1
DA:14,9
DA:15,9
DA:18,1
DA:19,1
DA:20,1
DA:23,1
DA:24,0
DA:26,0
DA:27,0
DA:31,0
DA:35,1
DA:36,0
DA:39,1
LF:24
LH:19
BRDA:35,0,0,0
BRDA:35,0,1,1
BRF:2
BRH:1
end_of_record
TN:
SF:controllers/eventController.js
FN:5,(anonymous_0)
FN:10,(anonymous_1)
FNF:2
FNH:0
FNDA:0,(anonymous_0)
FNDA:0,(anonymous_1)
DA:1,1
DA:2,1
DA:5,1
DA:6,0
DA:10,1
DA:11,0
DA:13,0
DA:14,0
DA:17,0
DA:19,0
DA:21,0
DA:25,0
DA:28,1
LF:13
LH:5
BRF:0
BRH:0
end_of_record
TN:
SF:controllers/historyController.js
FN:5,(anonymous_0)
FN:9,(anonymous_1)
FNF:2
FNH:0
FNDA:0,(anonymous_0)
FNDA:0,(anonymous_1)
DA:1,1
DA:2,1
DA:5,1
DA:6,0
DA:9,1
DA:10,0
DA:12,0
DA:14,0
DA:15,0
DA:18,0
DA:21,0
DA:23,0
DA:25,0
DA:29,1
LF:14
LH:5
BRDA:14,0,0,0
BRDA:14,0,1,0
BRF:2
BRH:0
end_of_record
TN:
SF:controllers/userController.js
FN:5,(anonymous_0)
FN:10,(anonymous_1)
FN:26,(anonymous_2)
FNF:3
FNH:3
FNDA:5,(anonymous_0)
FNDA:3,(anonymous_1)
FNDA:6,(anonymous_2)
DA:1,1
DA:2,1
DA:5,1
DA:6,5
DA:10,1
DA:11,3
DA:13,3
DA:14,3
DA:17,1
DA:19,1
DA:21,2
DA:26,1
DA:27,6
DA:29,6
DA:30,6
DA:33,4
DA:35,4
DA:37,2
DA:38,2
DA:42,1
LF:20
LH:20
BRF:0
BRH:0
end_of_record
TN:
SF:models/eventModel.js
FN:33,(anonymous_0)
FNF:1
FNH:0
FNDA:0,(anonymous_0)
DA:1,1
DA:2,1
DA:4,1
DA:6,1
DA:33,1
DA:36,0
DA:37,0
DA:40,0
DA:42,0
DA:45,1
LF:10
LH:6
BRDA:36,0,0,0
BRDA:36,0,1,0
BRDA:36,1,0,0
BRDA:36,1,1,0
BRDA:36,1,2,0
BRDA:36,1,3,0
BRF:6
BRH:0
end_of_record
TN:
SF:models/historyModel.js
FN:20,(anonymous_0)
FNF:1
FNH:0
FNDA:0,(anonymous_0)
DA:1,1
DA:2,1
DA:4,1
DA:7,1
DA:20,1
DA:21,0
DA:22,0
DA:25,0
DA:26,0
DA:27,0
DA:30,0
DA:33,1
LF:12
LH:6
BRDA:21,0,0,0
BRDA:21,0,1,0
BRDA:26,1,0,0
BRDA:26,1,1,0
BRF:4
BRH:0
end_of_record
TN:
SF:models/userModel.js
FN:38,(anonymous_0)
FN:61,(anonymous_1)
FNF:2
FNH:2
FNDA:6,(anonymous_0)
FNDA:3,(anonymous_1)
DA:1,1
DA:2,1
DA:4,1
DA:6,1
DA:38,1
DA:41,6
DA:42,1
DA:44,5
DA:45,0
DA:51,5
DA:52,5
DA:53,1
DA:56,4
DA:58,4
DA:61,1
DA:63,3
DA:64,0
DA:67,3
DA:68,3
DA:69,1
DA:72,2
DA:74,2
DA:75,1
DA:78,1
DA:83,1
LF:25
LH:23
BRDA:41,0,0,1
BRDA:41,0,1,5
BRDA:41,1,0,6
BRDA:41,1,1,6
BRDA:41,1,2,5
BRDA:41,1,3,5
BRDA:41,1,4,5
BRDA:41,1,5,5
BRDA:44,2,0,0
BRDA:44,2,1,5
BRDA:52,3,0,1
BRDA:52,3,1,4
BRDA:63,4,0,0
BRDA:63,4,1,3
BRDA:63,5,0,3
BRDA:63,5,1,3
BRDA:68,6,0,1
BRDA:68,6,1,2
BRDA:74,7,0,1
BRDA:74,7,1,1
BRF:20
BRH:18
end_of_record
TN:
SF:routes/event.js
FNF:0
FNH:0
DA:1,1
DA:3,1
DA:8,1
DA:11,1
DA:13,1
LF:5
LH:5
BRF:0
BRH:0
end_of_record
TN:
SF:routes/history.js
FNF:0
FNH:0
DA:1,1
DA:2,1
DA:3,1
DA:5,1
DA:7,1
LF:5
LH:5
BRF:0
BRH:0
end_of_record
TN:
SF:routes/user.js
FN:18,(anonymous_0)
FNF:1
FNH:0
FNDA:0,(anonymous_0)
DA:1,1
DA:3,1
DA:9,1
DA:13,1
DA:16,1
DA:18,1
DA:19,0
DA:22,1
LF:8
LH:7
BRF:0
BRH:0
end_of_record
